[1.177s] Invoking command in '/home/mohsin/official_build/ros2_ws/src/perception': DEBUGINFOD_URLS=https://debuginfod.ubuntu.com PS1=(venv) \[\e]0;\u@\h: \w\a\]${debian_chroot:+($debian_chroot)}\[\033[01;32m\]\u@\h\[\033[00m\]:\[\033[01;34m\]\w\[\033[00m\]\$ PYTHONPATH=/home/mohsin/official_build/ros2_ws/build/perception/prefix_override:/usr/lib/python3/dist-packages/colcon_core/task/python/colcon_distutils_commands:/home/mohsin/official_build/ros2_ws/install/perception/lib/python3.12/site-packages:${PYTHONPATH} VIRTUAL_ENV_PROMPT=(venv) /usr/bin/python3 -W ignore:setup.py install is deprecated -W ignore:easy_install command is deprecated setup.py egg_info --egg-base ../../build/perception build --build-base /home/mohsin/official_build/ros2_ws/build/perception/build install --record /home/mohsin/official_build/ros2_ws/build/perception/install.log --single-version-externally-managed install_data
[1.557s] running egg_info
[1.585s] writing ../../build/perception/perception.egg-info/PKG-INFO
[1.585s] writing dependency_links to ../../build/perception/perception.egg-info/dependency_links.txt
[1.586s] writing entry points to ../../build/perception/perception.egg-info/entry_points.txt
[1.586s] writing requirements to ../../build/perception/perception.egg-info/requires.txt
[1.586s] writing top-level names to ../../build/perception/perception.egg-info/top_level.txt
[1.643s] reading manifest file '../../build/perception/perception.egg-info/SOURCES.txt'
[1.643s] adding license file 'LICENSE'
[1.644s] writing manifest file '../../build/perception/perception.egg-info/SOURCES.txt'
[1.644s] running build
[1.644s] running build_py
[1.644s] running install
[1.650s] running install_lib
[1.677s] running install_data
[1.677s] running install_egg_info
[1.703s] removing '/home/mohsin/official_build/ros2_ws/install/perception/lib/python3.12/site-packages/perception-0.0.0-py3.12.egg-info' (and everything under it)
[1.704s] Copying ../../build/perception/perception.egg-info to /home/mohsin/official_build/ros2_ws/install/perception/lib/python3.12/site-packages/perception-0.0.0-py3.12.egg-info
[1.705s] running install_scripts
[1.868s] Installing opencv_camera_node script to /home/mohsin/official_build/ros2_ws/install/perception/lib/perception
[1.868s] Installing opencv_yolo script to /home/mohsin/official_build/ros2_ws/install/perception/lib/perception
[1.868s] Installing pose_node script to /home/mohsin/official_build/ros2_ws/install/perception/lib/perception
[1.869s] Installing yolo_node script to /home/mohsin/official_build/ros2_ws/install/perception/lib/perception
[1.869s] writing list of installed files to '/home/mohsin/official_build/ros2_ws/build/perception/install.log'
[1.916s] Invoked command in '/home/mohsin/official_build/ros2_ws/src/perception' returned '0': DEBUGINFOD_URLS=https://debuginfod.ubuntu.com PS1=(venv) \[\e]0;\u@\h: \w\a\]${debian_chroot:+($debian_chroot)}\[\033[01;32m\]\u@\h\[\033[00m\]:\[\033[01;34m\]\w\[\033[00m\]\$ PYTHONPATH=/home/mohsin/official_build/ros2_ws/build/perception/prefix_override:/usr/lib/python3/dist-packages/colcon_core/task/python/colcon_distutils_commands:/home/mohsin/official_build/ros2_ws/install/perception/lib/python3.12/site-packages:${PYTHONPATH} VIRTUAL_ENV_PROMPT=(venv) /usr/bin/python3 -W ignore:setup.py install is deprecated -W ignore:easy_install command is deprecated setup.py egg_info --egg-base ../../build/perception build --build-base /home/mohsin/official_build/ros2_ws/build/perception/build install --record /home/mohsin/official_build/ros2_ws/build/perception/install.log --single-version-externally-managed install_data
