/home/mohsin/official_build/ros2_ws/install/perception/lib/python3.12/site-packages/perception/pose_pca.py
/home/mohsin/official_build/ros2_ws/install/perception/lib/python3.12/site-packages/perception/yolo_object_detection.py
/home/mohsin/official_build/ros2_ws/install/perception/lib/python3.12/site-packages/perception/opencv_yolo_object_detection.py
/home/mohsin/official_build/ros2_ws/install/perception/lib/python3.12/site-packages/perception/__init__.py
/home/mohsin/official_build/ros2_ws/install/perception/lib/python3.12/site-packages/perception/opencv_camera_feed.py
/home/mohsin/official_build/ros2_ws/install/perception/lib/python3.12/site-packages/perception/__pycache__/pose_pca.cpython-312.pyc
/home/mohsin/official_build/ros2_ws/install/perception/lib/python3.12/site-packages/perception/__pycache__/yolo_object_detection.cpython-312.pyc
/home/mohsin/official_build/ros2_ws/install/perception/lib/python3.12/site-packages/perception/__pycache__/opencv_yolo_object_detection.cpython-312.pyc
/home/mohsin/official_build/ros2_ws/install/perception/lib/python3.12/site-packages/perception/__pycache__/__init__.cpython-312.pyc
/home/mohsin/official_build/ros2_ws/install/perception/lib/python3.12/site-packages/perception/__pycache__/opencv_camera_feed.cpython-312.pyc
/home/mohsin/official_build/ros2_ws/install/perception/share/ament_index/resource_index/packages/perception
/home/mohsin/official_build/ros2_ws/install/perception/share/perception/package.xml
/home/mohsin/official_build/ros2_ws/install/perception/lib/python3.12/site-packages/perception-0.0.0-py3.12.egg-info/PKG-INFO
/home/mohsin/official_build/ros2_ws/install/perception/lib/python3.12/site-packages/perception-0.0.0-py3.12.egg-info/entry_points.txt
/home/mohsin/official_build/ros2_ws/install/perception/lib/python3.12/site-packages/perception-0.0.0-py3.12.egg-info/zip-safe
/home/mohsin/official_build/ros2_ws/install/perception/lib/python3.12/site-packages/perception-0.0.0-py3.12.egg-info/requires.txt
/home/mohsin/official_build/ros2_ws/install/perception/lib/python3.12/site-packages/perception-0.0.0-py3.12.egg-info/dependency_links.txt
/home/mohsin/official_build/ros2_ws/install/perception/lib/python3.12/site-packages/perception-0.0.0-py3.12.egg-info/SOURCES.txt
/home/mohsin/official_build/ros2_ws/install/perception/lib/python3.12/site-packages/perception-0.0.0-py3.12.egg-info/top_level.txt
/home/mohsin/official_build/ros2_ws/install/perception/lib/perception/opencv_camera_node
/home/mohsin/official_build/ros2_ws/install/perception/lib/perception/opencv_yolo
/home/mohsin/official_build/ros2_ws/install/perception/lib/perception/pose_node
/home/mohsin/official_build/ros2_ws/install/perception/lib/perception/yolo_node
