running egg_info
creating ../../build/perception/perception.egg-info
writing ../../build/perception/perception.egg-info/PKG-INFO
writing dependency_links to ../../build/perception/perception.egg-info/dependency_links.txt
writing entry points to ../../build/perception/perception.egg-info/entry_points.txt
writing requirements to ../../build/perception/perception.egg-info/requires.txt
writing top-level names to ../../build/perception/perception.egg-info/top_level.txt
writing manifest file '../../build/perception/perception.egg-info/SOURCES.txt'
reading manifest file '../../build/perception/perception.egg-info/SOURCES.txt'
adding license file 'LICENSE'
writing manifest file '../../build/perception/perception.egg-info/SOURCES.txt'
running build
running build_py
creating /home/mohsin/official_build/ros2_ws/build/perception/build
creating /home/mohsin/official_build/ros2_ws/build/perception/build/lib
creating /home/mohsin/official_build/ros2_ws/build/perception/build/lib/perception
copying perception/pose_pca.py -> /home/mohsin/official_build/ros2_ws/build/perception/build/lib/perception
copying perception/yolo_object_detection.py -> /home/mohsin/official_build/ros2_ws/build/perception/build/lib/perception
copying perception/opencv_yolo_object_detection.py -> /home/mohsin/official_build/ros2_ws/build/perception/build/lib/perception
copying perception/__init__.py -> /home/mohsin/official_build/ros2_ws/build/perception/build/lib/perception
copying perception/opencv_camera_feed.py -> /home/mohsin/official_build/ros2_ws/build/perception/build/lib/perception
running install
running install_lib
creating /home/mohsin/official_build/ros2_ws/install/perception/lib/python3.12/site-packages/perception
copying /home/mohsin/official_build/ros2_ws/build/perception/build/lib/perception/pose_pca.py -> /home/mohsin/official_build/ros2_ws/install/perception/lib/python3.12/site-packages/perception
copying /home/mohsin/official_build/ros2_ws/build/perception/build/lib/perception/yolo_object_detection.py -> /home/mohsin/official_build/ros2_ws/install/perception/lib/python3.12/site-packages/perception
copying /home/mohsin/official_build/ros2_ws/build/perception/build/lib/perception/opencv_yolo_object_detection.py -> /home/mohsin/official_build/ros2_ws/install/perception/lib/python3.12/site-packages/perception
copying /home/mohsin/official_build/ros2_ws/build/perception/build/lib/perception/__init__.py -> /home/mohsin/official_build/ros2_ws/install/perception/lib/python3.12/site-packages/perception
copying /home/mohsin/official_build/ros2_ws/build/perception/build/lib/perception/opencv_camera_feed.py -> /home/mohsin/official_build/ros2_ws/install/perception/lib/python3.12/site-packages/perception
byte-compiling /home/mohsin/official_build/ros2_ws/install/perception/lib/python3.12/site-packages/perception/pose_pca.py to pose_pca.cpython-312.pyc
byte-compiling /home/mohsin/official_build/ros2_ws/install/perception/lib/python3.12/site-packages/perception/yolo_object_detection.py to yolo_object_detection.cpython-312.pyc
byte-compiling /home/mohsin/official_build/ros2_ws/install/perception/lib/python3.12/site-packages/perception/opencv_yolo_object_detection.py to opencv_yolo_object_detection.cpython-312.pyc
byte-compiling /home/mohsin/official_build/ros2_ws/install/perception/lib/python3.12/site-packages/perception/__init__.py to __init__.cpython-312.pyc
byte-compiling /home/mohsin/official_build/ros2_ws/install/perception/lib/python3.12/site-packages/perception/opencv_camera_feed.py to opencv_camera_feed.cpython-312.pyc
running install_data
creating /home/mohsin/official_build/ros2_ws/install/perception/share/ament_index
creating /home/mohsin/official_build/ros2_ws/install/perception/share/ament_index/resource_index
creating /home/mohsin/official_build/ros2_ws/install/perception/share/ament_index/resource_index/packages
copying resource/perception -> /home/mohsin/official_build/ros2_ws/install/perception/share/ament_index/resource_index/packages
copying package.xml -> /home/mohsin/official_build/ros2_ws/install/perception/share/perception
running install_egg_info
Copying ../../build/perception/perception.egg-info to /home/mohsin/official_build/ros2_ws/install/perception/lib/python3.12/site-packages/perception-0.0.0-py3.12.egg-info
running install_scripts
Installing opencv_camera_node script to /home/mohsin/official_build/ros2_ws/install/perception/lib/perception
Installing opencv_yolo script to /home/mohsin/official_build/ros2_ws/install/perception/lib/perception
Installing pose_node script to /home/mohsin/official_build/ros2_ws/install/perception/lib/perception
Installing yolo_node script to /home/mohsin/official_build/ros2_ws/install/perception/lib/perception
writing list of installed files to '/home/mohsin/official_build/ros2_ws/build/perception/install.log'
