[0.844s] Invoking command in '/home/mohsin/official_build/ros2_ws/src/perception': DEBUGINFOD_URLS=https://debuginfod.ubuntu.com PS1=(venv) \[\e]0;\u@\h: \w\a\]${debian_chroot:+($debian_chroot)}\[\033[01;32m\]\u@\h\[\033[00m\]:\[\033[01;34m\]\w\[\033[00m\]\$ PYTHONPATH=/home/mohsin/official_build/ros2_ws/build/perception/prefix_override:/usr/lib/python3/dist-packages/colcon_core/task/python/colcon_distutils_commands:/home/mohsin/official_build/ros2_ws/install/perception/lib/python3.12/site-packages:${PYTHONPATH} VIRTUAL_ENV_PROMPT=(venv) /usr/bin/python3 -W ignore:setup.py install is deprecated -W ignore:easy_install command is deprecated setup.py egg_info --egg-base ../../build/perception build --build-base /home/mohsin/official_build/ros2_ws/build/perception/build install --record /home/mohsin/official_build/ros2_ws/build/perception/install.log --single-version-externally-managed install_data
[1.238s] running egg_info
[1.238s] creating ../../build/perception/perception.egg-info
[1.258s] writing ../../build/perception/perception.egg-info/PKG-INFO
[1.258s] writing dependency_links to ../../build/perception/perception.egg-info/dependency_links.txt
[1.258s] writing entry points to ../../build/perception/perception.egg-info/entry_points.txt
[1.258s] writing requirements to ../../build/perception/perception.egg-info/requires.txt
[1.258s] writing top-level names to ../../build/perception/perception.egg-info/top_level.txt
[1.258s] writing manifest file '../../build/perception/perception.egg-info/SOURCES.txt'
[1.298s] reading manifest file '../../build/perception/perception.egg-info/SOURCES.txt'
[1.298s] adding license file 'LICENSE'
[1.299s] writing manifest file '../../build/perception/perception.egg-info/SOURCES.txt'
[1.299s] running build
[1.299s] running build_py
[1.299s] creating /home/mohsin/official_build/ros2_ws/build/perception/build
[1.299s] creating /home/mohsin/official_build/ros2_ws/build/perception/build/lib
[1.299s] creating /home/mohsin/official_build/ros2_ws/build/perception/build/lib/perception
[1.299s] copying perception/pose_pca.py -> /home/mohsin/official_build/ros2_ws/build/perception/build/lib/perception
[1.299s] copying perception/yolo_object_detection.py -> /home/mohsin/official_build/ros2_ws/build/perception/build/lib/perception
[1.300s] copying perception/opencv_yolo_object_detection.py -> /home/mohsin/official_build/ros2_ws/build/perception/build/lib/perception
[1.300s] copying perception/__init__.py -> /home/mohsin/official_build/ros2_ws/build/perception/build/lib/perception
[1.300s] copying perception/opencv_camera_feed.py -> /home/mohsin/official_build/ros2_ws/build/perception/build/lib/perception
[1.300s] running install
[1.307s] running install_lib
[1.328s] creating /home/mohsin/official_build/ros2_ws/install/perception/lib/python3.12/site-packages/perception
[1.328s] copying /home/mohsin/official_build/ros2_ws/build/perception/build/lib/perception/pose_pca.py -> /home/mohsin/official_build/ros2_ws/install/perception/lib/python3.12/site-packages/perception
[1.328s] copying /home/mohsin/official_build/ros2_ws/build/perception/build/lib/perception/yolo_object_detection.py -> /home/mohsin/official_build/ros2_ws/install/perception/lib/python3.12/site-packages/perception
[1.328s] copying /home/mohsin/official_build/ros2_ws/build/perception/build/lib/perception/opencv_yolo_object_detection.py -> /home/mohsin/official_build/ros2_ws/install/perception/lib/python3.12/site-packages/perception
[1.328s] copying /home/mohsin/official_build/ros2_ws/build/perception/build/lib/perception/__init__.py -> /home/mohsin/official_build/ros2_ws/install/perception/lib/python3.12/site-packages/perception
[1.328s] copying /home/mohsin/official_build/ros2_ws/build/perception/build/lib/perception/opencv_camera_feed.py -> /home/mohsin/official_build/ros2_ws/install/perception/lib/python3.12/site-packages/perception
[1.329s] byte-compiling /home/mohsin/official_build/ros2_ws/install/perception/lib/python3.12/site-packages/perception/pose_pca.py to pose_pca.cpython-312.pyc
[1.330s] byte-compiling /home/mohsin/official_build/ros2_ws/install/perception/lib/python3.12/site-packages/perception/yolo_object_detection.py to yolo_object_detection.cpython-312.pyc
[1.331s] byte-compiling /home/mohsin/official_build/ros2_ws/install/perception/lib/python3.12/site-packages/perception/opencv_yolo_object_detection.py to opencv_yolo_object_detection.cpython-312.pyc
[1.331s] byte-compiling /home/mohsin/official_build/ros2_ws/install/perception/lib/python3.12/site-packages/perception/__init__.py to __init__.cpython-312.pyc
[1.332s] byte-compiling /home/mohsin/official_build/ros2_ws/install/perception/lib/python3.12/site-packages/perception/opencv_camera_feed.py to opencv_camera_feed.cpython-312.pyc
[1.332s] running install_data
[1.332s] creating /home/mohsin/official_build/ros2_ws/install/perception/share/ament_index
[1.332s] creating /home/mohsin/official_build/ros2_ws/install/perception/share/ament_index/resource_index
[1.332s] creating /home/mohsin/official_build/ros2_ws/install/perception/share/ament_index/resource_index/packages
[1.332s] copying resource/perception -> /home/mohsin/official_build/ros2_ws/install/perception/share/ament_index/resource_index/packages
[1.332s] copying package.xml -> /home/mohsin/official_build/ros2_ws/install/perception/share/perception
[1.332s] running install_egg_info
[1.353s] Copying ../../build/perception/perception.egg-info to /home/mohsin/official_build/ros2_ws/install/perception/lib/python3.12/site-packages/perception-0.0.0-py3.12.egg-info
[1.354s] running install_scripts
[1.481s] Installing opencv_camera_node script to /home/mohsin/official_build/ros2_ws/install/perception/lib/perception
[1.482s] Installing opencv_yolo script to /home/mohsin/official_build/ros2_ws/install/perception/lib/perception
[1.482s] Installing pose_node script to /home/mohsin/official_build/ros2_ws/install/perception/lib/perception
[1.482s] Installing yolo_node script to /home/mohsin/official_build/ros2_ws/install/perception/lib/perception
[1.482s] writing list of installed files to '/home/mohsin/official_build/ros2_ws/build/perception/install.log'
[1.505s] Invoked command in '/home/mohsin/official_build/ros2_ws/src/perception' returned '0': DEBUGINFOD_URLS=https://debuginfod.ubuntu.com PS1=(venv) \[\e]0;\u@\h: \w\a\]${debian_chroot:+($debian_chroot)}\[\033[01;32m\]\u@\h\[\033[00m\]:\[\033[01;34m\]\w\[\033[00m\]\$ PYTHONPATH=/home/mohsin/official_build/ros2_ws/build/perception/prefix_override:/usr/lib/python3/dist-packages/colcon_core/task/python/colcon_distutils_commands:/home/mohsin/official_build/ros2_ws/install/perception/lib/python3.12/site-packages:${PYTHONPATH} VIRTUAL_ENV_PROMPT=(venv) /usr/bin/python3 -W ignore:setup.py install is deprecated -W ignore:easy_install command is deprecated setup.py egg_info --egg-base ../../build/perception build --build-base /home/mohsin/official_build/ros2_ws/build/perception/build install --record /home/mohsin/official_build/ros2_ws/build/perception/install.log --single-version-externally-managed install_data
